2025-07-26 15:55:55,755 - __main__ - INFO - No config.json found, using default configuration
2025-07-26 15:56:08,251 - __main__ - INFO - No config.json found, using default configuration
2025-07-26 16:33:26,368 - __main__ - INFO - No config.json found, using default configuration
2025-07-26 16:39:22,151 - project - INFO - No config.json found, using default configuration
2025-07-26 16:41:17,619 - project - INFO - No config.json found, using default configuration
2025-07-26 18:03:24,247 - project - INFO - No config.json found, using default configuration
2025-07-28 11:00:32,784 - __main__ - INFO - Configuration loaded from config.json
2025-07-28 11:29:30,864 - __main__ - INFO - Configuration loaded from config.json
2025-07-28 11:34:23,149 - project - INFO - Configuration loaded from config.json
2025-07-28 11:37:32,025 - project - INFO - Configuration loaded from config.json
2025-07-28 11:38:09,167 - __main__ - INFO - Configuration loaded from config.json
2025-07-28 11:38:15,538 - __main__ - INFO - Configuration loaded from config.json
2025-07-28 11:39:58,984 - __main__ - INFO - Configuration loaded from config.json
2025-07-28 11:44:50,329 - __main__ - INFO - Configuration loaded from config.json
2025-07-28 11:44:50,334 - __main__ - INFO - Configuration hot-reloading enabled
2025-07-28 11:44:50,334 - __main__ - INFO - Starting Portfolio Management Service
2025-07-28 11:44:50,334 - __main__ - INFO - Rebalancing interval: 15 minutes
2025-07-28 11:44:50,334 - __main__ - INFO - Monitoring assets: ['AAPL', 'GOOGL', 'MSFT', 'TSLA']
2025-07-28 11:44:51,862 - __main__ - INFO - Fetched price data for 4 assets from Finnhub
2025-07-28 11:44:51,862 - __main__ - INFO - Price history updated: 1 periods
2025-07-28 11:44:51,863 - __main__ - WARNING - Insufficient price history for rebalancing
2025-07-28 11:45:06,371 - __main__ - INFO - Configuration loaded from config.json
2025-07-28 11:45:06,375 - __main__ - INFO - Configuration hot-reloading enabled
2025-07-28 11:45:06,375 - __main__ - INFO - Starting Portfolio Management Service
2025-07-28 11:45:06,375 - __main__ - INFO - Rebalancing interval: 15 minutes
2025-07-28 11:45:06,375 - __main__ - INFO - Monitoring assets: ['AAPL', 'GOOGL', 'MSFT', 'TSLA']
2025-07-28 11:45:07,886 - __main__ - INFO - Fetched price data for 4 assets from Finnhub
2025-07-28 11:45:07,886 - __main__ - INFO - Price history updated: 1 periods
2025-07-28 11:45:07,886 - __main__ - WARNING - Insufficient price history for rebalancing
2025-07-28 11:47:26,275 - __main__ - INFO - Shutting down Portfolio Management Service
2025-07-28 11:47:26,293 - __main__ - INFO - Service shutdown complete
2025-07-28 12:19:08,406 - __main__ - INFO - Configuration loaded from config.json
2025-07-28 12:19:08,409 - __main__ - INFO - Configuration hot-reloading enabled
2025-07-28 12:19:08,410 - __main__ - INFO - Starting Portfolio Management Service
2025-07-28 12:19:08,410 - __main__ - INFO - Rebalancing interval: 5 minutes
2025-07-28 12:19:08,410 - __main__ - INFO - Monitoring assets: ['BTC', 'ETH', 'ADA', 'SOL']
2025-07-28 12:19:09,155 - __main__ - ERROR - API request failed: 401, message='Unauthorized', url='https://finnhub.io/api/v1/api/v1/prices?symbols=BTC,ETH,ADA,SOL'
2025-07-28 12:19:09,156 - __main__ - ERROR - Failed to fetch price data: 401, message='Unauthorized', url='https://finnhub.io/api/v1/api/v1/prices?symbols=BTC,ETH,ADA,SOL'
2025-07-28 12:19:09,157 - __main__ - ERROR - Error in main loop: 401, message='Unauthorized', url='https://finnhub.io/api/v1/api/v1/prices?symbols=BTC,ETH,ADA,SOL'
2025-07-28 12:19:23,645 - __main__ - INFO - Shutting down Portfolio Management Service
2025-07-28 12:19:23,658 - __main__ - INFO - Service shutdown complete
2025-07-28 12:19:28,830 - __main__ - INFO - Configuration loaded from config.json
2025-07-28 12:19:28,833 - __main__ - INFO - Configuration hot-reloading enabled
2025-07-28 12:19:28,833 - __main__ - INFO - Starting Portfolio Management Service
2025-07-28 12:19:28,833 - __main__ - INFO - Rebalancing interval: 5 minutes
2025-07-28 12:19:28,833 - __main__ - INFO - Monitoring assets: ['BTC', 'ETH', 'ADA', 'SOL']
2025-07-28 12:19:29,513 - __main__ - ERROR - API request failed: 401, message='Unauthorized', url='https://finnhub.io/api/v1/api/v1/prices?symbols=BTC,ETH,ADA,SOL'
2025-07-28 12:19:29,514 - __main__ - ERROR - Failed to fetch price data: 401, message='Unauthorized', url='https://finnhub.io/api/v1/api/v1/prices?symbols=BTC,ETH,ADA,SOL'
2025-07-28 12:19:29,514 - __main__ - ERROR - Error in main loop: 401, message='Unauthorized', url='https://finnhub.io/api/v1/api/v1/prices?symbols=BTC,ETH,ADA,SOL'
2025-07-28 12:20:13,098 - __main__ - INFO - Shutting down Portfolio Management Service
2025-07-28 12:20:13,125 - __main__ - INFO - Service shutdown complete
2025-07-28 15:44:40,579 - __main__ - INFO - Configuration loaded from config.json
2025-07-28 15:44:40,579 - __main__ - ERROR - Invalid config.json format: PortfolioConfig.__init__() got an unexpected keyword argument 'rebalance_interval'
2025-07-28 15:44:40,579 - __main__ - INFO - Using default configuration
2025-07-28 15:44:40,595 - __main__ - INFO - Configuration hot-reloading enabled
2025-07-28 15:44:40,595 - __main__ - INFO - Starting Portfolio Management Service
2025-07-28 15:44:40,595 - __main__ - INFO - Rebalancing interval: 5 minutes
2025-07-28 15:44:40,595 - __main__ - INFO - Monitoring assets: ['BTC', 'ETH', 'ADA', 'SOL']
2025-07-28 15:44:40,595 - __main__ - ERROR - Service failed: Required environment variable API_BASE_URL not set
2025-07-28 15:45:56,975 - __main__ - INFO - Configuration loaded from config.json
2025-07-28 15:45:56,975 - __main__ - ERROR - Invalid config.json format: PortfolioConfig.__init__() got an unexpected keyword argument 'rebalance_interval'
2025-07-28 15:45:56,975 - __main__ - INFO - Using default configuration
2025-07-28 15:45:56,977 - __main__ - INFO - Configuration hot-reloading enabled
2025-07-28 15:45:56,980 - __main__ - INFO - Starting Portfolio Management Service
2025-07-28 15:45:56,980 - __main__ - INFO - Rebalancing interval: 5 minutes
2025-07-28 15:45:56,980 - __main__ - INFO - Monitoring assets: ['BTC', 'ETH', 'ADA', 'SOL']
2025-07-28 15:45:56,980 - __main__ - ERROR - Service failed: Required environment variable API_BASE_URL not set
2025-07-28 15:46:02,175 - __main__ - INFO - Configuration loaded from config.json
2025-07-28 15:46:02,175 - __main__ - ERROR - Invalid config.json format: PortfolioConfig.__init__() got an unexpected keyword argument 'rebalance_interval'
2025-07-28 15:46:02,175 - __main__ - INFO - Using default configuration
2025-07-28 15:46:02,175 - __main__ - INFO - Configuration hot-reloading enabled
2025-07-28 15:46:02,175 - __main__ - INFO - Starting Portfolio Management Service
2025-07-28 15:46:02,175 - __main__ - INFO - Rebalancing interval: 5 minutes
2025-07-28 15:46:02,175 - __main__ - INFO - Monitoring assets: ['BTC', 'ETH', 'ADA', 'SOL']
2025-07-28 15:46:02,181 - __main__ - ERROR - Service failed: Required environment variable API_BASE_URL not set
2025-07-28 15:46:20,187 - __main__ - INFO - Configuration loaded from config.json
2025-07-28 15:46:20,187 - __main__ - ERROR - Invalid config.json format: PortfolioConfig.__init__() got an unexpected keyword argument 'rebalance_interval'
2025-07-28 15:46:20,187 - __main__ - INFO - Using default configuration
2025-07-28 15:46:20,187 - __main__ - INFO - Configuration hot-reloading enabled
2025-07-28 15:46:20,187 - __main__ - INFO - Starting Portfolio Management Service
2025-07-28 15:46:20,187 - __main__ - INFO - Rebalancing interval: 5 minutes
2025-07-28 15:46:20,187 - __main__ - INFO - Monitoring assets: ['BTC', 'ETH', 'ADA', 'SOL']
2025-07-28 15:46:20,187 - __main__ - ERROR - Service failed: Required environment variable API_BASE_URL not set
2025-07-28 15:47:49,391 - __main__ - INFO - Configuration loaded from config.json
2025-07-28 15:47:49,391 - __main__ - ERROR - Invalid config.json format: PortfolioConfig.__init__() got an unexpected keyword argument 'rebalance_interval'
2025-07-28 15:47:49,391 - __main__ - INFO - Using default configuration
2025-07-28 15:47:49,395 - __main__ - INFO - Configuration hot-reloading enabled
2025-07-28 15:47:49,395 - __main__ - INFO - Starting Portfolio Management Service
2025-07-28 15:47:49,395 - __main__ - INFO - Rebalancing interval: 5 minutes
2025-07-28 15:47:49,395 - __main__ - INFO - Monitoring assets: ['BTC', 'ETH', 'ADA', 'SOL']
2025-07-28 15:47:49,395 - __main__ - ERROR - Service failed: Required environment variable API_BASE_URL not set
2025-07-28 15:48:15,900 - __main__ - INFO - Configuration loaded from config.json
2025-07-28 15:48:15,900 - __main__ - ERROR - Invalid config.json format: PortfolioConfig.__init__() got an unexpected keyword argument 'rebalance_interval'
2025-07-28 15:48:15,900 - __main__ - INFO - Using default configuration
2025-07-28 15:48:15,900 - __main__ - INFO - Configuration hot-reloading enabled
2025-07-28 15:48:15,900 - __main__ - INFO - Starting Portfolio Management Service
2025-07-28 15:48:15,900 - __main__ - INFO - Rebalancing interval: 5 minutes
2025-07-28 15:48:15,900 - __main__ - INFO - Monitoring assets: ['BTC', 'ETH', 'ADA', 'SOL']
2025-07-28 15:48:15,900 - __main__ - ERROR - Service failed: Required environment variable API_BASE_URL not set
2025-07-28 15:48:23,513 - __main__ - INFO - Configuration loaded from config.json
2025-07-28 15:48:23,513 - __main__ - ERROR - Invalid config.json format: PortfolioConfig.__init__() got an unexpected keyword argument 'rebalance_interval'
2025-07-28 15:48:23,513 - __main__ - INFO - Using default configuration
2025-07-28 15:48:23,513 - __main__ - INFO - Configuration hot-reloading enabled
2025-07-28 15:48:23,513 - __main__ - INFO - Starting Portfolio Management Service
2025-07-28 15:48:23,513 - __main__ - INFO - Rebalancing interval: 5 minutes
2025-07-28 15:48:23,513 - __main__ - INFO - Monitoring assets: ['BTC', 'ETH', 'ADA', 'SOL']
2025-07-28 15:48:23,513 - __main__ - ERROR - Service failed: Required environment variable API_BASE_URL not set
